Arguments: 
  C:\Program Files\nodejs\node.exe C:\Program Files (x86)\Yarn\bin\yarn.js

PATH: 
  C:\Program Files\Git\mingw64\bin;C:\Program Files\Git\usr\bin;C:\Users\Nilton Filho do Rei\bin;C:\Program Files\Common Files\Oracle\Java\javapath;C:\Python38\Scripts;C:\Python38;C:\WINDOWS\system32;C:\WINDOWS;C:\WINDOWS\System32\Wbem;C:\WINDOWS\System32\WindowsPowerShell\v1.0;C:\ProgramData\chocolatey\bin;C:\WINDOWS\System32\OpenSSH;C:\Program Files\PuTTY;C:\Program Files\PostgreSQL\12\bin;C:\Program Files\Git\cmd;C:\Program Files (x86)\Yarn\bin;C:\Program Files\nodejs;C:\Program Files\Docker\Docker\resources\bin;C:\ProgramData\DockerDesktop\version-bin;C:\Users\Nilton Filho do Rei\AppData\Local\Microsoft\WindowsApps;C:\Users\Nilton Filho do Rei\AppData\Local\Programs\Microsoft VS Code\bin;C:\tools\dart-sdk\bin;C:\Users\Nilton Filho do Rei\AppData\Roaming\Pub\Cache\bin;C:\Program Files\MySQL\MySQL Server 5.7\bin;C:\Program Files\mongo\bin;C:\Program Files\PostgreSQL\12\bin;C:\Users\Nilton Filho do Rei\AppData\Local\Yarn\bin;C:\Program Files\heroku\bin;C:\Users\Nilton Filho do Rei\AppData\Roaming\npm

Yarn version: 
  1.22.5

Node version: 
  14.17.1

Platform: 
  win32 x64

Trace: 
  Error: unexpected end of file
      at Zlib.zlibOnError [as onerror] (zlib.js:188:17)

npm manifest: 
  {
    "name": "rentalx",
    "version": "1.0.0",
    "main": "index.js",
    "license": "MIT",
    "scripts": {
      "dev": "ts-node-dev -r tsconfig-paths/register --transpile-only --ignore-watch node_modules --poll src/shared/infra/http/server.ts",
      "commit": "cz",
      "typeorm": "ts-node-dev -r tsconfig-paths/register ./node_modules/typeorm/cli",
      "test": "set NODE_ENV=test&&jest --verbose --detectOpenHandles --runInBand",
      "seed:admin": "ts-node-dev -r tsconfig-paths/register  src/shared/infra/typeorm/seed/admin.ts"
    },
    "husky": {
      "hooks": {
        "commit-msg": "commitlint -E HUSKY_GIT_PARAMS",
        "prepare-commit-msg": "exec < /dev/tty && git cz --hook || true"
      }
    },
    "dependencies": {
      "bcryptjs": "^2.4.3",
      "csv-parse": "^4.15.4",
      "dayjs": "^1.10.6",
      "express": "^4.17.1",
      "express-async-errors": "^3.1.1",
      "jsonwebtoken": "^8.5.1",
      "multer": "^1.4.2",
      "pg": "^8.6.0",
      "reflect-metadata": "^0.1.13",
      "swagger-ui-express": "^4.1.6",
      "tsyringe": "^4.5.0",
      "typeorm": "^0.2.32",
      "uuid": "^8.3.2"
    },
    "devDependencies": {
      "@commitlint/cli": "^12.1.3",
      "@commitlint/config-conventional": "^12.1.3",
      "@types/bcryptjs": "^2.4.2",
      "@types/express": "^4.17.11",
      "@types/jest": "^26.0.23",
      "@types/jsonwebtoken": "^8.5.1",
      "@types/multer": "^1.4.5",
      "@types/supertest": "^2.0.11",
      "@types/swagger-ui-express": "^4.1.2",
      "@types/uuid": "^8.3.0",
      "@typescript-eslint/eslint-plugin": "^4.22.0",
      "commitizen": "^4.2.4",
      "cz-conventional-changelog": "3.3.0",
      "eslint": "^7.29.0",
      "eslint-config-airbnb-base": "^14.2.1",
      "eslint-config-prettier": "^8.3.0",
      "eslint-import-resolver-typescript": "^2.4.0",
      "eslint-plugin-import-helpers": "^1.1.0",
      "eslint-plugin-prettier": "^3.4.0",
      "git-commit-msg-linter": "^3.1.0",
      "husky": "^6.0.0",
      "jest": "^27.0.4",
      "prettier": "^2.3.2",
      "supertest": "^6.1.3",
      "ts-jest": "^27.0.3",
      "ts-node-dev": "^1.1.6",
      "tsconfig-paths": "^3.9.0",
      "typescript": "^4.2.4"
    },
    "config": {
      "commitizen": {
        "path": "./node_modules/cz-conventional-changelog"
      }
    }
  }

yarn manifest: 
  No manifest

Lockfile: 
  No lockfile
